Input/output error at line 2 in user-defined function section "webui::PROIsInitialized", column 3.
The user function library \x64\AimmsPROClient.dll cannot be found.
Input/output error at line 2 in user-defined function section "webui::PROIsInitialized", column 3.
The library \x64\AimmsPROClient.dll has not been loaded because: Error loading library : The parameter is incorrect.
Execution error at line 2 in user-defined function section "webui::PROIsInitialized".
The dll for external procedure "pro::management::IsInitialized" has not been found.
Input/output error at line 2 in user-defined function section "webui::PROIsInitialized", column 3.
The user function library \x64\AimmsPROClient.dll cannot be found.
Input/output error at line 2 in user-defined function section "webui::PROIsInitialized", column 3.
The library \x64\AimmsPROClient.dll has not been loaded because: Error loading library : The parameter is incorrect.
Execution error at line 2 in user-defined function section "webui::PROIsInitialized".
The dll for external procedure "pro::management::IsInitialized" has not been found.
Input/output error at line 2 in user-defined function section "webui::PROIsInitialized", column 62.
The user function library \x64\AimmsPROClient.dll cannot be found.
Input/output error at line 2 in user-defined function section "webui::PROIsInitialized", column 62.
The library \x64\AimmsPROClient.dll has not been loaded because: Error loading library : The parameter is incorrect.
Execution error at line 2 in user-defined function section "webui::PROIsInitialized".
The dll for external procedure "pro::management::IsInitialized" has not been found.
Input/output error at line 2 in user-defined function section "webui::PROIsInitialized", column 62.
The user function library \x64\AimmsPROClient.dll cannot be found.
Input/output error at line 2 in user-defined function section "webui::PROIsInitialized", column 62.
The library \x64\AimmsPROClient.dll has not been loaded because: Error loading library : The parameter is incorrect.
Execution error at line 2 in user-defined function section "webui::PROIsInitialized".
The dll for external procedure "pro::management::IsInitialized" has not been found.
Input/output error at line 2 in user-defined function section "webui::PROIsInitialized", column 62.
The user function library \x64\AimmsPROClient.dll cannot be found.
Input/output error at line 2 in user-defined function section "webui::PROIsInitialized", column 62.
The library \x64\AimmsPROClient.dll has not been loaded because: Error loading library : The parameter is incorrect.
Execution error at line 2 in user-defined function section "webui::PROIsInitialized".
The dll for external procedure "pro::management::IsInitialized" has not been found.
Input/output error at line 2 in user-defined function section "webui::PROIsInitialized", column 62.
The user function library \x64\AimmsPROClient.dll cannot be found.
Input/output error at line 2 in user-defined function section "webui::PROIsInitialized", column 62.
The library \x64\AimmsPROClient.dll has not been loaded because: Error loading library : The parameter is incorrect.
Execution error at line 2 in user-defined function section "webui::PROIsInitialized".
The dll for external procedure "pro::management::IsInitialized" has not been found.
Input/output error at line 2 in user-defined function section "webui::PROIsInitialized", column 62.
The user function library \x64\AimmsPROClient.dll cannot be found.
Input/output error at line 2 in user-defined function section "webui::PROIsInitialized", column 62.
The library \x64\AimmsPROClient.dll has not been loaded because: Error loading library : The parameter is incorrect.
Execution error at line 2 in user-defined function section "webui::PROIsInitialized".
The dll for external procedure "pro::management::IsInitialized" has not been found.
Input/output error at line 2 in user-defined function section "webui::PROIsInitialized", column 62.
The user function library \x64\AimmsPROClient.dll cannot be found.
Input/output error at line 2 in user-defined function section "webui::PROIsInitialized", column 62.
The library \x64\AimmsPROClient.dll has not been loaded because: Error loading library : The parameter is incorrect.
Execution error at line 2 in user-defined function section "webui::PROIsInitialized".
The dll for external procedure "pro::management::IsInitialized" has not been found.
A DataChangeMonitor with ID DataChangeMonitor001 does not exist.
Warning: The parameter "P_Sample1" is not initialized (default values are used).
Semantic error.
The Prefix "cp" is not an index.
Semantic error.
The Prefix "cp" is not an index.
Semantic error.
The undeclared "v" is not an index.
Semantic error at line 10717, column 7.
The identifier "v" has not been declared.
The mandatory attribute "definition" is missing from constraint "FixedVessel".
Semantic error at line 11228, column 1.
The undeclared "v" is not an index.
Semantic error at line 11228, column 7.
The identifier "v" has not been declared.
The mandatory attribute "definition" is missing from constraint "FixedVessel".
Semantic error at line 20564, column 9.
The declared constraint "FixedVessel" has not been defined.
The mandatory attribute "definition" is missing from constraint "FixedVessel".
Semantic error at line 20566, column 9.
The declared constraint "FixedVessel" has not been defined.
The mandatory attribute "definition" is missing from constraint "FixedVessel".
Warning at line 30420.
The definition of the constraint "FixedVessel" does not depend on the index "ve", see also the option "Warning_unused_index".
Warning at line 30422.
The definition of the constraint "FixedVessel" does not depend on the index "ve", see also the option "Warning_unused_index".
Syntax error at line 40297, column 32.
The symbol "|" is not expected.
Semantic error at line 40302, column 30.
There is no operation defined for operator "*" with arguments of data type element and data type numeric; the arguments themselves are "P_VesselETA(cap,ve)" and "V_Assignment(cap,ve)".
Semantic error.
The undeclared "" is not an index.
ReadRawValues : Cell D72 in Vessel: To many values for the underlying set.
ReadRawValues : Cell E72 in Vessel: To many values for the underlying set.
ReadRawValues : Cell H72 in Vessel: To many values for the underlying set.
ReadRawValues : Cell G72 in Vessel: To many values for the underlying set.
ReadRawValues : Cell C72 in Vessel: To many values for the underlying set.
ReadRawValues : Cell K72 in Vessel: To many values for the underlying set.
ReadRawValues : Cell I72 in Vessel: To many values for the underlying set.
ReadRawValues : Cell L72 in Vessel: To many values for the underlying set.
ReadRawValues : Cell J72 in Vessel: To many values for the underlying set.
ReadRawValues : Cell F72 in Vessel: To many values for the underlying set.
ReadRawValues : Cell M72 in Vessel: To many values for the underlying set.
Input/output error at line 7 in user-defined function section "pro::LibraryTermination".
The user function library \x64\AimmsPROClient.dll cannot be found.
Input/output error at line 7 in user-defined function section "pro::LibraryTermination".
The library \x64\AimmsPROClient.dll has not been loaded because: Error loading library : The parameter is incorrect.
Execution error at line 7 in user-defined function section "pro::LibraryTermination".
The dll for external procedure "pro::management::IsInitialized" has not been found.
Execution error at line 7 in user-defined function section "pro::LibraryTermination".
The special value "undf" cannot be used in the condition IsInitialized() of a flow control statement.
